Dec 09 23:43 : update: added Pixies/1988 - Pixies - Surfer Rosa/07 Where Is My Mind-.mp3
Dec 09 23:43 : update: added Pixies/1988 - Pixies - Surfer Rosa/04 Broken Face.mp3
Dec 09 23:43 : update: added Pixies/1988 - Pixies - Surfer Rosa/03 Something Against You.mp3
Dec 09 23:43 : update: added Pixies/1988 - Pixies - Surfer Rosa/10 Oh My Golly!.mp3
Dec 09 23:43 : update: added Pixies/1988 - Pixies - Surfer Rosa/11 Vamos.mp3
Dec 09 23:43 : update: added Pixies/1988 - Pixies - Surfer Rosa/08 Cactus.mp3
Dec 09 23:43 : update: added Pixies/1988 - Pixies - Surfer Rosa/05 Gigantic.mp3
Dec 09 23:43 : update: added Pixies/1988 - Pixies - Surfer Rosa/01 Bone Machine.mp3
Dec 09 23:43 : update: added Pixies/1988 - Pixies - Surfer Rosa/13 Brick Is Red.mp3
Dec 09 23:43 : update: added Pixies/1988 - Pixies - Surfer Rosa/09 Tony's Theme.mp3
Dec 09 23:43 : update: added Pixies/1988 - Pixies - Surfer Rosa/12 I'm Amazed.mp3
Dec 09 23:43 : update: added Pixies/1988 - Pixies - Surfer Rosa/02 Break My Body.mp3
Dec 09 23:43 : update: added Pixies/1988 - Pixies - Surfer Rosa/06 River Euphrates.mp3
Dec 09 23:43 : update: added Pixies/2004 - Pixies - Wave of Mutilation- Best of Pixies/10 Debaser.mp3
Dec 09 23:43 : update: added Pixies/2004 - Pixies - Wave of Mutilation- Best of Pixies/14 Tame.mp3
Dec 09 23:43 : update: added Pixies/2004 - Pixies - Wave of Mutilation- Best of Pixies/15 Where Is My Mind-.mp3
Dec 09 23:43 : update: added Pixies/2004 - Pixies - Wave of Mutilation- Best of Pixies/12 Wave of Mutilation.mp3
Dec 09 23:43 : update: added Pixies/2004 - Pixies - Wave of Mutilation- Best of Pixies/20 U-Mass.mp3
Dec 09 23:43 : update: added Pixies/2004 - Pixies - Wave of Mutilation- Best of Pixies/17 Velouria.mp3
Dec 09 23:43 : update: added Pixies/2004 - Pixies - Wave of Mutilation- Best of Pixies/13 Here Comes Your Man.mp3
Dec 09 23:43 : update: added Pixies/2004 - Pixies - Wave of Mutilation- Best of Pixies/02 Nimrod's Son.mp3
Dec 09 23:43 : update: added Pixies/2004 - Pixies - Wave of Mutilation- Best of Pixies/22 Planet of Sound.mp3
Dec 09 23:43 : update: added Pixies/2004 - Pixies - Wave of Mutilation- Best of Pixies/23 Winterlong.mp3
Dec 09 23:43 : update: added Pixies/2004 - Pixies - Wave of Mutilation- Best of Pixies/07 Vamos.mp3
Dec 09 23:43 : update: added Pixies/2004 - Pixies - Wave of Mutilation- Best of Pixies/04 Caribou.mp3
Dec 09 23:43 : update: added Pixies/2004 - Pixies - Wave of Mutilation- Best of Pixies/01 Bone Machine.mp3
Dec 09 23:43 : update: added Pixies/2004 - Pixies - Wave of Mutilation- Best of Pixies/09 Monkey Gone to Heaven.mp3
Dec 09 23:43 : update: added Pixies/2004 - Pixies - Wave of Mutilation- Best of Pixies/18 Allison.mp3
Dec 09 23:43 : update: added Pixies/2004 - Pixies - Wave of Mutilation- Best of Pixies/03 Holiday Song.mp3
Dec 09 23:43 : update: added Pixies/2004 - Pixies - Wave of Mutilation- Best of Pixies/16 Into the White.mp3
Dec 09 23:43 : update: added Pixies/2004 - Pixies - Wave of Mutilation- Best of Pixies/06 Gigantic.mp3
Dec 09 23:43 : update: added Pixies/2004 - Pixies - Wave of Mutilation- Best of Pixies/21 Alec Eiffel.mp3
Dec 09 23:43 : update: added Pixies/2004 - Pixies - Wave of Mutilation- Best of Pixies/08 Hey.mp3
Dec 09 23:43 : update: added Pixies/2004 - Pixies - Wave of Mutilation- Best of Pixies/05 Broken Face.mp3
Dec 09 23:43 : update: added Pixies/2004 - Pixies - Wave of Mutilation- Best of Pixies/19 Dig for Fire.mp3
Dec 09 23:43 : update: added Pixies/2004 - Pixies - Wave of Mutilation- Best of Pixies/11 Gouge Away.mp3
Dec 09 23:43 : update: added Pixies/1998 - Pixies - Pixies at the BBC/15 In Heaven (Lady in the Radiator Song).mp3
Dec 09 23:43 : update: added Pixies/1998 - Pixies - Pixies at the BBC/06 Is She Weird.mp3
Dec 09 23:43 : update: added Pixies/1998 - Pixies - Pixies at the BBC/07 Ana.mp3
Dec 09 23:43 : update: added Pixies/1998 - Pixies - Pixies at the BBC/03 Dead.mp3
Dec 09 23:43 : update: added Pixies/1998 - Pixies - Pixies at the BBC/09 Wave of Mutilation.mp3
Dec 09 23:43 : update: added Pixies/1998 - Pixies - Pixies at the BBC/01 Wild Honey Pie.mp3
Dec 09 23:43 : update: added Pixies/1998 - Pixies - Pixies at the BBC/14 Hey.mp3
Dec 09 23:43 : update: added Pixies/1998 - Pixies - Pixies at the BBC/05 Manta Ray.mp3
Dec 09 23:43 : update: added Pixies/1998 - Pixies - Pixies at the BBC/02 There Goes My Gun.mp3
Dec 09 23:43 : update: added Pixies/1998 - Pixies - Pixies at the BBC/11 Levitate Me.mp3
Dec 09 23:43 : update: added Pixies/1998 - Pixies - Pixies at the BBC/08 Down to the Well.mp3
Dec 09 23:43 : update: added Pixies/1998 - Pixies - Pixies at the BBC/04 Subbacultcha.mp3
Dec 09 23:43 : update: added Pixies/1998 - Pixies - Pixies at the BBC/10 Letter to Memphis.mp3
Dec 09 23:43 : update: added Pixies/1998 - Pixies - Pixies at the BBC/13 Monkey Gone to Heaven.mp3
Dec 09 23:43 : update: added Pixies/1998 - Pixies - Pixies at the BBC/12 Caribou.mp3
Dec 09 23:43 : update: added Pixies/1987 - Pixies - Come on Pilgrim/04 Ed Is Dead.mp3
Dec 09 23:43 : update: added Pixies/1987 - Pixies - Come on Pilgrim/01 Caribou.mp3
Dec 09 23:43 : update: added Pixies/1987 - Pixies - Come on Pilgrim/02 Vamos.mp3
Dec 09 23:43 : update: added Pixies/1987 - Pixies - Come on Pilgrim/06 Nimrod's Son.mp3
Dec 09 23:43 : update: added Pixies/1987 - Pixies - Come on Pilgrim/03 Isla de Encanta.mp3
Dec 09 23:43 : update: added Pixies/1987 - Pixies - Come on Pilgrim/05 The Holiday Song.mp3
Dec 09 23:43 : update: added Pixies/1987 - Pixies - Come on Pilgrim/07 I've Been Tired.mp3
Dec 09 23:43 : update: added Pixies/1987 - Pixies - Come on Pilgrim/08 Levitate Me.mp3
Dec 09 23:43 : update: added Pixies/2002 - Pixies - Pixies [EP]/02 Build High.mp3
Dec 09 23:43 : update: added Pixies/2002 - Pixies - Pixies [EP]/01 Broken Face.mp3
Dec 09 23:43 : update: added Pixies/2002 - Pixies - Pixies [EP]/05 Break My Body.mp3
Dec 09 23:43 : update: added Pixies/2002 - Pixies - Pixies [EP]/03 Rock a My Soul.mp3
Dec 09 23:43 : update: added Pixies/2002 - Pixies - Pixies [EP]/06 I'm Amazed.mp3
Dec 09 23:43 : update: added Pixies/2002 - Pixies - Pixies [EP]/09 In Heaven.mp3
Dec 09 23:43 : update: added Pixies/2002 - Pixies - Pixies [EP]/04 Down to the Well.mp3
Dec 09 23:43 : update: added Pixies/2002 - Pixies - Pixies [EP]/08 Subbacultcha.mp3
Dec 09 23:43 : update: added Pixies/2002 - Pixies - Pixies [EP]/07 Here Comes Your Man.mp3
Dec 09 23:43 : update: added Pixies/2013 - Pixies - EP1/04 What Goes Boom.mp3
Dec 09 23:43 : update: added Pixies/2013 - Pixies - EP1/02 Another Toe in the Ocean.mp3
Dec 09 23:43 : update: added Pixies/2013 - Pixies - EP1/03 Indie Cindy.mp3
Dec 09 23:43 : update: added Pixies/2013 - Pixies - EP1/01 Andro Queen.mp3
Dec 09 23:43 : update: added Pixies/1997 - Death to the Pixies (Limited Edition 2 Disc)/Death to the Pixies (Limited Edition) - Disc 1/04 Here Comes Your Man.mp3
Dec 09 23:43 : update: added Pixies/1997 - Death to the Pixies (Limited Edition 2 Disc)/Death to the Pixies (Limited Edition) - Disc 1/03 Tame.mp3
Dec 09 23:43 : update: added Pixies/1997 - Death to the Pixies (Limited Edition 2 Disc)/Death to the Pixies (Limited Edition) - Disc 1/07 Dig for Fire.mp3
Dec 09 23:43 : update: added Pixies/1997 - Death to the Pixies (Limited Edition 2 Disc)/Death to the Pixies (Limited Edition) - Disc 1/13 Gigantic.mp3
Dec 09 23:43 : update: added Pixies/1997 - Death to the Pixies (Limited Edition 2 Disc)/Death to the Pixies (Limited Edition) - Disc 1/06 Wave of Mutilation.mp3
Dec 09 23:43 : update: added Pixies/1997 - Death to the Pixies (Limited Edition 2 Disc)/Death to the Pixies (Limited Edition) - Disc 1/16 Gouge Away.mp3
Dec 09 23:43 : update: added Pixies/1997 - Death to the Pixies (Limited Edition 2 Disc)/Death to the Pixies (Limited Edition) - Disc 1/08 Caribou.mp3
Dec 09 23:43 : update: added Pixies/1997 - Death to the Pixies (Limited Edition 2 Disc)/Death to the Pixies (Limited Edition) - Disc 1/15 Velouria.mp3
Dec 09 23:43 : update: added Pixies/1997 - Death to the Pixies (Limited Edition 2 Disc)/Death to the Pixies (Limited Edition) - Disc 1/14 Where Is My Mind-.mp3
Dec 09 23:43 : update: added Pixies/1997 - Death to the Pixies (Limited Edition 2 Disc)/Death to the Pixies (Limited Edition) - Disc 1/02 Planet of Sound.mp3
Dec 09 23:43 : update: added Pixies/1997 - Death to the Pixies (Limited Edition 2 Disc)/Death to the Pixies (Limited Edition) - Disc 1/05 Debaser.mp3
Dec 09 23:43 : update: added Pixies/1997 - Death to the Pixies (Limited Edition 2 Disc)/Death to the Pixies (Limited Edition) - Disc 1/17 Monkey Gone to Heaven.mp3
Dec 09 23:43 : update: added Pixies/1997 - Death to the Pixies (Limited Edition 2 Disc)/Death to the Pixies (Limited Edition) - Disc 1/12 Bone Machine.mp3
Dec 09 23:43 : update: added Pixies/1997 - Death to the Pixies (Limited Edition 2 Disc)/Death to the Pixies (Limited Edition) - Disc 1/09 Holiday Song.mp3
Dec 09 23:43 : update: added Pixies/1997 - Death to the Pixies (Limited Edition 2 Disc)/Death to the Pixies (Limited Edition) - Disc 1/11 U-Mass.mp3
Dec 09 23:43 : update: added Pixies/1997 - Death to the Pixies (Limited Edition 2 Disc)/Death to the Pixies (Limited Edition) - Disc 1/01 Cecilia Ann.mp3
Dec 09 23:43 : update: added Pixies/1997 - Death to the Pixies (Limited Edition 2 Disc)/Death to the Pixies (Limited Edition) - Disc 1/10 Nimrod's Son.mp3
Dec 09 23:43 : update: added Pixies/1997 - Death to the Pixies (Limited Edition 2 Disc)/Disc 2 - Live Vredenburg, Utrecht, Netherlands 1990/01 Debaser.mp3
Dec 09 23:43 : update: added Pixies/1997 - Death to the Pixies (Limited Edition 2 Disc)/Disc 2 - Live Vredenburg, Utrecht, Netherlands 1990/04 Isla de Encanta.mp3
Dec 09 23:43 : update: added Pixies/1997 - Death to the Pixies (Limited Edition 2 Disc)/Disc 2 - Live Vredenburg, Utrecht, Netherlands 1990/11 Allison.mp3
Dec 09 23:43 : update: added Pixies/1997 - Death to the Pixies (Limited Edition 2 Disc)/Disc 2 - Live Vredenburg, Utrecht, Netherlands 1990/07 Into the White.mp3
Dec 09 23:43 : update: added Pixies/1997 - Death to the Pixies (Limited Edition 2 Disc)/Disc 2 - Live Vredenburg, Utrecht, Netherlands 1990/13 Gigantic.mp3
Dec 09 23:43 : update: added Pixies/1997 - Death to the Pixies (Limited Edition 2 Disc)/Disc 2 - Live Vredenburg, Utrecht, Netherlands 1990/14 Crackity Jones.mp3
Dec 09 23:43 : update: added Pixies/1997 - Death to the Pixies (Limited Edition 2 Disc)/Disc 2 - Live Vredenburg, Utrecht, Netherlands 1990/21 Tony's Theme.mp3
Dec 09 23:43 : update: added Pixies/1997 - Death to the Pixies (Limited Edition 2 Disc)/Disc 2 - Live Vredenburg, Utrecht, Netherlands 1990/16 Tame.mp3
Dec 09 23:43 : update: added Pixies/1997 - Death to the Pixies (Limited Edition 2 Disc)/Disc 2 - Live Vredenburg, Utrecht, Netherlands 1990/15 Something Against You.mp3
Dec 09 23:43 : update: added Pixies/1997 - Death to the Pixies (Limited Edition 2 Disc)/Disc 2 - Live Vredenburg, Utrecht, Netherlands 1990/17 Wave of Mutilation.mp3
Dec 09 23:43 : update: added Pixies/1997 - Death to the Pixies (Limited Edition 2 Disc)/Disc 2 - Live Vredenburg, Utrecht, Netherlands 1990/18 Where Is My Mind-.mp3
Dec 09 23:43 : update: added Pixies/1997 - Death to the Pixies (Limited Edition 2 Disc)/Disc 2 - Live Vredenburg, Utrecht, Netherlands 1990/02 Rock Music.mp3
Dec 09 23:43 : update: added Pixies/1997 - Death to the Pixies (Limited Edition 2 Disc)/Disc 2 - Live Vredenburg, Utrecht, Netherlands 1990/03 Broken Face.mp3
Dec 09 23:43 : update: added Pixies/1997 - Death to the Pixies (Limited Edition 2 Disc)/Disc 2 - Live Vredenburg, Utrecht, Netherlands 1990/05 Hang Wire.mp3
Dec 09 23:43 : update: added Pixies/1997 - Death to the Pixies (Limited Edition 2 Disc)/Disc 2 - Live Vredenburg, Utrecht, Netherlands 1990/08 Monkey Gone to Heaven.mp3
Dec 09 23:43 : update: added Pixies/1997 - Death to the Pixies (Limited Edition 2 Disc)/Disc 2 - Live Vredenburg, Utrecht, Netherlands 1990/12 Hey.mp3
Dec 09 23:43 : update: added Pixies/1997 - Death to the Pixies (Limited Edition 2 Disc)/Disc 2 - Live Vredenburg, Utrecht, Netherlands 1990/06 Dead.mp3
Dec 09 23:43 : update: added Pixies/1997 - Death to the Pixies (Limited Edition 2 Disc)/Disc 2 - Live Vredenburg, Utrecht, Netherlands 1990/10 Here Comes Your Man.mp3
Dec 09 23:43 : update: added Pixies/1997 - Death to the Pixies (Limited Edition 2 Disc)/Disc 2 - Live Vredenburg, Utrecht, Netherlands 1990/19 Ed Is Dead.mp3
Dec 09 23:43 : update: added Pixies/1997 - Death to the Pixies (Limited Edition 2 Disc)/Disc 2 - Live Vredenburg, Utrecht, Netherlands 1990/09 Gouge Away.mp3
Dec 09 23:43 : update: added Pixies/1997 - Death to the Pixies (Limited Edition 2 Disc)/Disc 2 - Live Vredenburg, Utrecht, Netherlands 1990/20 Vamos.mp3
Dec 09 23:43 : update: added Pixies/1989 - Pixies - Doolittle/01 Debaser.mp3
Dec 09 23:43 : update: added Pixies/1989 - Pixies - Doolittle/14 Silver.mp3
Dec 09 23:43 : update: added Pixies/1989 - Pixies - Doolittle/04 I Bleed.mp3
Dec 09 23:43 : update: added Pixies/1989 - Pixies - Doolittle/09 Crackity Jones.mp3
Dec 09 23:43 : update: added Pixies/1989 - Pixies - Doolittle/12 There Goes My Gun.mp3
Dec 09 23:43 : update: added Pixies/1989 - Pixies - Doolittle/08 Mr. Grieves.mp3
Dec 09 23:43 : update: added Pixies/1989 - Pixies - Doolittle/02 Tame.mp3
Dec 09 23:43 : update: added Pixies/1989 - Pixies - Doolittle/11 No. 13 Baby.mp3
Dec 09 23:43 : update: added Pixies/1989 - Pixies - Doolittle/05 Here Comes Your Man.mp3
Dec 09 23:43 : update: added Pixies/1989 - Pixies - Doolittle/03 Wave of Mutilation.mp3
Dec 09 23:43 : update: added Pixies/1989 - Pixies - Doolittle/10 La Love You.mp3
Dec 09 23:43 : update: added Pixies/1989 - Pixies - Doolittle/06 Dead.mp3
Dec 09 23:43 : update: added Pixies/1989 - Pixies - Doolittle/07 Monkey Gone to Heaven.mp3
Dec 09 23:43 : update: added Pixies/1989 - Pixies - Doolittle/15 Gouge Away.mp3
Dec 09 23:43 : update: added Pixies/1989 - Pixies - Doolittle/13 Hey.mp3
Dec 09 23:43 : update: added Pixies/2001 - Pixies - Complete 'B' Sides/02 Vamos [Live].mp3
Dec 09 23:43 : update: added Pixies/2001 - Pixies - Complete 'B' Sides/12 The Thing.mp3
Dec 09 23:43 : update: added Pixies/2001 - Pixies - Complete 'B' Sides/05 Weird at My School.mp3
Dec 09 23:43 : update: added Pixies/2001 - Pixies - Complete 'B' Sides/03 In Heaven (Lady in the Radiator Song) [Live].mp3
Dec 09 23:43 : update: added Pixies/2001 - Pixies - Complete 'B' Sides/17 Build High.mp3
Dec 09 23:43 : update: added Pixies/2001 - Pixies - Complete 'B' Sides/13 Velvety Instrumental Version.mp3
Dec 09 23:43 : update: added Pixies/2001 - Pixies - Complete 'B' Sides/06 Dancing the Manta Ray.mp3
Dec 09 23:43 : update: added Pixies/2001 - Pixies - Complete 'B' Sides/09 Bailey's Walk.mp3
Dec 09 23:43 : update: added Pixies/2001 - Pixies - Complete 'B' Sides/10 Make Believe.mp3
Dec 09 23:43 : update: added Pixies/2001 - Pixies - Complete 'B' Sides/19 Letter to Memphis [Instrumental].mp3
Dec 09 23:43 : update: added Pixies/2001 - Pixies - Complete 'B' Sides/14 Winterlong.mp3
Dec 09 23:43 : update: added Pixies/2001 - Pixies - Complete 'B' Sides/08 Into the White.mp3
Dec 09 23:43 : update: added Pixies/2001 - Pixies - Complete 'B' Sides/07 Wave of Mutilation [U.K Surf mix][Version].mp3
Dec 09 23:43 : update: added Pixies/2001 - Pixies - Complete 'B' Sides/11 I've Been Waiting for You.mp3
Dec 09 23:43 : update: added Pixies/2001 - Pixies - Complete 'B' Sides/18 Evil Hearted You.mp3
Dec 09 23:43 : update: added Pixies/2001 - Pixies - Complete 'B' Sides/15 Santo.mp3
Dec 09 23:43 : update: added Pixies/2001 - Pixies - Complete 'B' Sides/04 Manta Ray.mp3
Dec 09 23:43 : update: added Pixies/2001 - Pixies - Complete 'B' Sides/16 Theme from Narc.mp3
Dec 09 23:43 : update: added Pixies/2001 - Pixies - Complete 'B' Sides/01 River Euphrates.mp3
Dec 09 23:43 : update: added Pixies/1990 - Pixies - Bossanova/09 Down to the Well.mp3
Dec 09 23:43 : update: added Pixies/1990 - Pixies - Bossanova/11 Blown Away.mp3
Dec 09 23:43 : update: added Pixies/1990 - Pixies - Bossanova/14 Havalina.mp3
Dec 09 23:43 : update: added Pixies/1990 - Pixies - Bossanova/07 All Over the World.mp3
Dec 09 23:43 : update: added Pixies/1990 - Pixies - Bossanova/05 Is She Weird.mp3
Dec 09 23:43 : update: added Pixies/1990 - Pixies - Bossanova/02 Rock Music.mp3
Dec 09 23:43 : update: added Pixies/1990 - Pixies - Bossanova/08 Dig for Fire.mp3
Dec 09 23:43 : update: added Pixies/1990 - Pixies - Bossanova/13 Stormy Weather.mp3
Dec 09 23:43 : update: added Pixies/1990 - Pixies - Bossanova/10 The Happening.mp3
Dec 09 23:43 : update: added Pixies/1990 - Pixies - Bossanova/12 Hang Wire.mp3
Dec 09 23:43 : update: added Pixies/1990 - Pixies - Bossanova/01 Cecilia Ann.mp3
Dec 09 23:43 : update: added Pixies/1990 - Pixies - Bossanova/06 Ana.mp3
Dec 09 23:43 : update: added Pixies/1990 - Pixies - Bossanova/03 Velouria.mp3
Dec 09 23:43 : update: added Pixies/1990 - Pixies - Bossanova/04 Allison.mp3
Dec 09 23:43 : update: added Pixies/1991 - Pixies - Trompe le Monde/04 Sad Punk.mp3
Dec 09 23:43 : update: added Pixies/1991 - Pixies - Trompe le Monde/13 Lovely Day.mp3
Dec 09 23:43 : update: added Pixies/1991 - Pixies - Trompe le Monde/14 Motorway to Roswell.mp3
Dec 09 23:43 : update: added Pixies/1991 - Pixies - Trompe le Monde/07 Palace of the Brine.mp3
Dec 09 23:43 : update: added Pixies/1991 - Pixies - Trompe le Monde/05 Head On.mp3
Dec 09 23:43 : update: added Pixies/1991 - Pixies - Trompe le Monde/15 Navajo Know.mp3
Dec 09 23:43 : update: added Pixies/1991 - Pixies - Trompe le Monde/02 Planet of Sound.mp3
Dec 09 23:43 : update: added Pixies/1991 - Pixies - Trompe le Monde/10 Space (I Believe In).mp3
Dec 09 23:43 : update: added Pixies/1991 - Pixies - Trompe le Monde/09 Bird Dream of the Olympus Mons.mp3
Dec 09 23:43 : update: added Pixies/1991 - Pixies - Trompe le Monde/11 Subbacultcha.mp3
Dec 09 23:43 : update: added Pixies/1991 - Pixies - Trompe le Monde/06 U Mass.mp3
Dec 09 23:43 : update: added Pixies/1991 - Pixies - Trompe le Monde/12 Distance Equals Rate Times Time.mp3
Dec 09 23:43 : update: added Pixies/1991 - Pixies - Trompe le Monde/03 Alec Eiffel.mp3
Dec 09 23:43 : update: added Pixies/1991 - Pixies - Trompe le Monde/01 Trompe le Monde.mp3
Dec 09 23:43 : update: added Pixies/1991 - Pixies - Trompe le Monde/08 Letter to Memphis.mp3
Dec 09 23:43 : update: added Muse/Showbiz/07 Unintended.m4a
Dec 09 23:43 : update: added Muse/Showbiz/10 Escape.m4a
Dec 09 23:43 : update: added Muse/Showbiz/04 Falling Down.m4a
Dec 09 23:43 : update: added Muse/Showbiz/05 Cave.m4a
Dec 09 23:43 : update: added Muse/Showbiz/01 Sunburn.m4a
Dec 09 23:43 : update: added Muse/Showbiz/09 Sober.m4a
Dec 09 23:43 : update: added Muse/Showbiz/03 Fillip.m4a
Dec 09 23:43 : update: added Muse/Showbiz/11 Overdue.m4a
Dec 09 23:43 : update: added Muse/Showbiz/02 Muscle Museum.m4a
Dec 09 23:43 : update: added Muse/Showbiz/06 Showbiz.m4a
Dec 09 23:43 : update: added Muse/Showbiz/08 Uno.m4a
Dec 09 23:43 : update: added Muse/Showbiz/12 Hate This & I'll Love You.m4a
Dec 09 23:43 : update: added Muse/Absolution/06 Falling Away With You.m4a
Dec 09 23:43 : update: added Muse/Absolution/04 Sing For Absolution.m4a
Dec 09 23:43 : update: added Muse/Absolution/12 Endlessly.m4a
Dec 09 23:43 : update: added Muse/Absolution/07 Interlude.m4a
Dec 09 23:43 : update: added Muse/Absolution/09 Blackout.m4a
Dec 09 23:43 : update: added Muse/Absolution/01 Intro.m4a
Dec 09 23:43 : update: added Muse/Absolution/02 Apocalypse Please.m4a
Dec 09 23:43 : update: added Muse/Absolution/11 The Small Print.m4a
Dec 09 23:43 : update: added Muse/Absolution/13 Thoughts Of A Dying Atheist.m4a
Dec 09 23:43 : update: added Muse/Absolution/08 Hysteria.m4a
Dec 09 23:43 : update: added Muse/Absolution/10 Butterflies & Hurricanes.m4a
Dec 09 23:43 : update: added Muse/Absolution/14 Ruled By Secrecy.m4a
Dec 09 23:43 : update: added Muse/Absolution/03 Time Is Running Out.m4a
Dec 09 23:43 : update: added Muse/Absolution/05 Stockholm Syndrome.m4a
Dec 09 23:43 : update: added Muse/The Resistance/01 Uprising.m4a
Dec 09 23:43 : update: added Muse/The Resistance/10 Exogenesis Symphony Part 2 (Cross.m4a
Dec 09 23:43 : update: added Muse/The Resistance/09 Exogenesis Symphony Part 1 (Overt.m4a
Dec 09 23:43 : update: added Muse/The Resistance/04 United States Of Eurasia_ Collate.m4a
Dec 09 23:43 : update: added Muse/The Resistance/11 Exogenesis Symphony Part 3 (Redem.m4a
Dec 09 23:43 : update: added Muse/The Resistance/07 MK Ultra.m4a
Dec 09 23:43 : update: added Muse/The Resistance/03 Undisclosed Desires.m4a
Dec 09 23:43 : update: added Muse/The Resistance/06 Unnatural Selection.m4a
Dec 09 23:43 : update: added Muse/The Resistance/02 Resistance.m4a
Dec 09 23:43 : update: added Muse/The Resistance/05 Guiding Light.m4a
Dec 09 23:43 : update: added Muse/Origin of Symmetry/11 Megalomania.m4a
Dec 09 23:43 : update: added Muse/Origin of Symmetry/07 Micro Cuts.m4a
Dec 09 23:43 : update: added Muse/Origin of Symmetry/03 Space Dementia.m4a
Dec 09 23:43 : update: added Muse/Origin of Symmetry/02 Bliss.m4a
Dec 09 23:43 : update: added Muse/Origin of Symmetry/10 Feeling Good.m4a
Dec 09 23:43 : update: added Muse/Origin of Symmetry/09 Darkshines.m4a
Dec 09 23:43 : update: added Muse/Origin of Symmetry/06 Citizen Erased.m4a
Dec 09 23:43 : update: added Muse/Origin of Symmetry/05 Plug In Baby.m4a
Dec 09 23:43 : update: added Muse/Origin of Symmetry/08 Screenager.m4a
Dec 10 17:36 : client: [0] opened from 127.0.0.1:39562
Dec 10 17:36 : alsa_mixer: Failed to read mixer for 'whatever name you want': no such mixer control: PCM
Dec 10 17:36 : client: [0] closed
Dec 10 17:43 : client: [0] opened from 127.0.0.1:39680
Dec 10 17:43 : alsa_mixer: Failed to read mixer for 'alsa mixer': no such mixer control: PCM
Dec 10 17:44 : client: [0] closed
Dec 10 17:44 : client: [1] opened from 127.0.0.1:39684
Dec 10 17:47 : client: [1] closed
Dec 10 17:47 : client: [2] opened from 127.0.0.1:39702
Dec 10 17:47 : client: [2] closed
Dec 10 17:48 : client: [0] opened from 127.0.0.1:39716
Dec 10 17:48 : alsa_mixer: Failed to read mixer for 'alsa mixer': no such mixer control: PCM
Dec 10 17:48 : client: [0] closed
Dec 10 17:54 : client: [1] opened from 127.0.0.1:39766
Dec 10 17:55 : client: [1] closed
Dec 10 18:06 : client: [0] opened from 127.0.0.1:39866
Dec 10 18:06 : alsa_mixer: Failed to read mixer for 'alsa mixer': no such mixer control: PCM
Dec 10 18:06 : output: Failed to open mixer for 'alsa mixer'
Dec 10 18:07 : player: played "Muse/Absolution/01 Intro.m4a"
Dec 10 18:07 : output: Failed to open mixer for 'alsa mixer'
Dec 10 18:08 : player: played "Muse/Absolution/01 Intro.m4a"
Dec 10 18:09 : client: [0] closed
Dec 10 18:09 : client: [1] opened from 127.0.0.1:39872
Dec 10 18:09 : output: Failed to open mixer for 'alsa mixer'
Dec 10 18:10 : client: [1] closed
Dec 10 18:10 : player: played "Muse/Absolution/02 Apocalypse Please.m4a"
